2020-11-27 02:34:47:800  [TID      29668][INFO    ] Default Logger initialized [dmvcframework]
2020-11-27 02:34:47:800  [TID      29668][INFO    ] Server started on port 8080 [dmvcframework]
2020-11-27 02:35:14:081  [TID      14748][INFO    ] ENTER: Config default values [dmvcframework]
2020-11-27 02:35:14:081  [TID      14748][INFO    ] EXIT: Config default values [dmvcframework]
2020-11-27 02:35:14:081  [TID      14748][INFO    ] >> Custom configuration method [dmvcframework]
2020-11-27 02:35:14:081  [TID      14748][INFO    ] << Custom configuration method [dmvcframework]
2020-11-27 02:35:14:081  [TID      14748][INFO    ] ENTER: LoadSystemControllers [dmvcframework]
2020-11-27 02:35:14:081  [TID      14748][INFO    ] EXIT: LoadSystemControllers [dmvcframework]
2020-11-27 02:35:14:082  [TID      14748][INFO    ] GET:/api/customers [0:0:0:0:0:0:0:1] -> Unit1.TMyController.GetCustomers - 200 OK [dmvcframework]
2020-11-27 02:48:07:276  [TID      19980][INFO    ] Default Logger initialized [dmvcframework]
2020-11-27 02:48:07:299  [TID      19980][INFO    ] Server started on port 8080 [dmvcframework]
2020-11-27 02:51:02:369  [TID        592][INFO    ] Default Logger initialized [dmvcframework]
2020-11-27 02:51:02:369  [TID        592][INFO    ] Server started on port 8080 [dmvcframework]
2020-11-27 02:51:21:657  [TID      22796][INFO    ] ENTER: Config default values [dmvcframework]
2020-11-27 02:51:21:657  [TID      22796][INFO    ] EXIT: Config default values [dmvcframework]
2020-11-27 02:51:21:657  [TID      22796][INFO    ] >> Custom configuration method [dmvcframework]
2020-11-27 02:51:21:657  [TID      22796][INFO    ] << Custom configuration method [dmvcframework]
2020-11-27 02:51:21:657  [TID      22796][INFO    ] ENTER: LoadSystemControllers [dmvcframework]
2020-11-27 02:51:21:657  [TID      22796][INFO    ] EXIT: LoadSystemControllers [dmvcframework]
2020-11-27 02:51:26:247  [TID      22796][INFO    ] GET:/api/artistas [0:0:0:0:0:0:0:1] -> Unit1.TMyController.GetArtistas - 200 OK [dmvcframework]
2020-11-27 02:51:45:617  [TID      14800][INFO    ] Default Logger initialized [dmvcframework]
2020-11-27 02:51:45:638  [TID      14800][INFO    ] Server started on port 8080 [dmvcframework]
2020-11-27 02:51:48:566  [TID      14488][INFO    ] ENTER: Config default values [dmvcframework]
2020-11-27 02:51:48:566  [TID      14488][INFO    ] EXIT: Config default values [dmvcframework]
2020-11-27 02:51:48:566  [TID      14488][INFO    ] >> Custom configuration method [dmvcframework]
2020-11-27 02:51:48:566  [TID      14488][INFO    ] << Custom configuration method [dmvcframework]
2020-11-27 02:51:48:566  [TID      14488][INFO    ] ENTER: LoadSystemControllers [dmvcframework]
2020-11-27 02:51:48:566  [TID      14488][INFO    ] EXIT: LoadSystemControllers [dmvcframework]
2020-11-27 02:51:48:574  [TID      14488][INFO    ] GET:/api/artistas [0:0:0:0:0:0:0:1] -> Unit1.TMyController.GetArtistas - 200 OK [dmvcframework]
2020-11-27 02:52:52:430  [TID      16940][INFO    ] Default Logger initialized [dmvcframework]
2020-11-27 02:52:52:444  [TID      16940][INFO    ] Server started on port 8080 [dmvcframework]
2020-11-27 02:53:01:949  [TID      11020][INFO    ] ENTER: Config default values [dmvcframework]
2020-11-27 02:53:01:949  [TID      11020][INFO    ] EXIT: Config default values [dmvcframework]
2020-11-27 02:53:01:949  [TID      11020][INFO    ] >> Custom configuration method [dmvcframework]
2020-11-27 02:53:01:949  [TID      11020][INFO    ] << Custom configuration method [dmvcframework]
2020-11-27 02:53:01:949  [TID      11020][INFO    ] ENTER: LoadSystemControllers [dmvcframework]
2020-11-27 02:53:01:949  [TID      11020][INFO    ] EXIT: LoadSystemControllers [dmvcframework]
2020-11-27 02:53:01:952  [TID      11020][INFO    ] GET:/api/artistas/267 [0:0:0:0:0:0:0:1] -> Unit1.TMyController.GetArtista - 200 OK [dmvcframework]
2020-11-27 02:54:32:844  [TID       6120][INFO    ] Default Logger initialized [dmvcframework]
2020-11-27 02:54:32:868  [TID       6120][INFO    ] Server started on port 8080 [dmvcframework]
2020-11-27 02:55:11:182  [TID      27476][INFO    ] ENTER: Config default values [dmvcframework]
2020-11-27 02:55:11:182  [TID      27476][INFO    ] EXIT: Config default values [dmvcframework]
2020-11-27 02:55:11:182  [TID      27476][INFO    ] >> Custom configuration method [dmvcframework]
2020-11-27 02:55:11:182  [TID      27476][INFO    ] << Custom configuration method [dmvcframework]
2020-11-27 02:55:11:182  [TID      27476][INFO    ] ENTER: LoadSystemControllers [dmvcframework]
2020-11-27 02:55:11:182  [TID      27476][INFO    ] EXIT: LoadSystemControllers [dmvcframework]
2020-11-27 02:55:11:183  [TID      27476][INFO    ] POST:/api/artistas/267 [0:0:0:0:0:0:0:1] -> {NOT FOUND} - 404 Not Found [dmvcframework]
2020-11-27 02:55:12:792  [TID      27476][ERROR   ] [EMVCException] Not Found (Custom message: "POST /api/artistas/267") [dmvcframework]
2020-11-27 02:55:33:863  [TID      20240][INFO    ] POST:/api/artistas [0:0:0:0:0:0:0:1] -> Unit1.TMyController.CreateArtista - 201  [dmvcframework]
2020-11-27 02:57:08:825  [TID      26728][INFO    ] Default Logger initialized [dmvcframework]
2020-11-27 02:57:08:826  [TID      26728][INFO    ] Server started on port 8080 [dmvcframework]
2020-11-27 02:57:32:154  [TID      25212][INFO    ] ENTER: Config default values [dmvcframework]
2020-11-27 02:57:32:154  [TID      25212][INFO    ] EXIT: Config default values [dmvcframework]
2020-11-27 02:57:32:154  [TID      25212][INFO    ] >> Custom configuration method [dmvcframework]
2020-11-27 02:57:32:154  [TID      25212][INFO    ] << Custom configuration method [dmvcframework]
2020-11-27 02:57:32:154  [TID      25212][INFO    ] ENTER: LoadSystemControllers [dmvcframework]
2020-11-27 02:57:32:154  [TID      25212][INFO    ] EXIT: LoadSystemControllers [dmvcframework]
2020-11-27 02:57:32:162  [TID      25212][INFO    ] PUT:/api/artistas/277 [0:0:0:0:0:0:0:1] -> Unit1.TMyController.UpdateArtista - 200 OK [dmvcframework]
2020-11-27 03:00:10:306  [TID      16040][INFO    ] Default Logger initialized [dmvcframework]
2020-11-27 03:00:10:306  [TID      16040][INFO    ] Server started on port 8080 [dmvcframework]
2020-11-27 03:00:34:570  [TID      18428][INFO    ] ENTER: Config default values [dmvcframework]
2020-11-27 03:00:34:570  [TID      18428][INFO    ] EXIT: Config default values [dmvcframework]
2020-11-27 03:00:34:570  [TID      18428][INFO    ] >> Custom configuration method [dmvcframework]
2020-11-27 03:00:34:570  [TID      18428][INFO    ] << Custom configuration method [dmvcframework]
2020-11-27 03:00:34:570  [TID      18428][INFO    ] ENTER: LoadSystemControllers [dmvcframework]
2020-11-27 03:00:34:570  [TID      18428][INFO    ] EXIT: LoadSystemControllers [dmvcframework]
2020-11-27 03:00:34:578  [TID      18428][INFO    ] DELETE:/api/artistas/277 [0:0:0:0:0:0:0:1] -> Unit1.TMyController.DeleteArtista - 200 Apagado [dmvcframework]
2020-11-27 03:00:40:460  [TID      18428][ERROR   ] [EMVCActiveRecordNotFound] Data not found (Custom message: "") [dmvcframework]
2020-11-27 03:07:16:457  [TID      14628][INFO    ] Default Logger initialized [dmvcframework]
2020-11-27 03:07:16:472  [TID      14628][INFO    ] Server started on port 8080 [dmvcframework]
2020-11-27 03:07:32:735  [TID      25352][INFO    ] ENTER: Config default values [dmvcframework]
2020-11-27 03:07:32:735  [TID      25352][INFO    ] EXIT: Config default values [dmvcframework]
2020-11-27 03:07:32:735  [TID      25352][INFO    ] >> Custom configuration method [dmvcframework]
2020-11-27 03:07:32:735  [TID      25352][INFO    ] << Custom configuration method [dmvcframework]
2020-11-27 03:07:32:735  [TID      25352][INFO    ] ENTER: LoadSystemControllers [dmvcframework]
2020-11-27 03:07:32:735  [TID      25352][INFO    ] EXIT: LoadSystemControllers [dmvcframework]
2020-11-27 03:07:32:735  [TID      25352][INFO    ] GET:/ipbt/sc [0:0:0:0:0:0:0:1] -> {NOT FOUND} - 404 Not Found [dmvcframework]
2020-11-27 03:07:34:465  [TID      25352][ERROR   ] [EMVCException] Not Found (Custom message: "GET /ipbt/sc") [dmvcframework]
2020-11-27 03:08:25:116  [TID       2424][INFO    ] Default Logger initialized [dmvcframework]
2020-11-27 03:08:25:138  [TID       2424][INFO    ] Server started on port 8080 [dmvcframework]
2020-11-27 03:08:28:177  [TID      24208][INFO    ] ENTER: Config default values [dmvcframework]
2020-11-27 03:08:28:177  [TID      24208][INFO    ] EXIT: Config default values [dmvcframework]
2020-11-27 03:08:28:177  [TID      24208][INFO    ] >> Custom configuration method [dmvcframework]
2020-11-27 03:08:28:178  [TID      24208][INFO    ] << Custom configuration method [dmvcframework]
2020-11-27 03:08:28:178  [TID      24208][INFO    ] ENTER: LoadSystemControllers [dmvcframework]
2020-11-27 03:08:28:178  [TID      24208][INFO    ] EXIT: LoadSystemControllers [dmvcframework]
2020-11-27 03:08:28:178  [TID      24208][INFO    ] GET:/ipbt/sc [0:0:0:0:0:0:0:1] -> {NOT FOUND} - 404 Not Found [dmvcframework]
2020-11-27 03:08:29:528  [TID      24208][ERROR   ] [EMVCException] Not Found (Custom message: "GET /ipbt/sc") [dmvcframework]
2020-11-27 03:08:47:676  [TID      21924][INFO    ] GET:/ipbt/SC [0:0:0:0:0:0:0:1] -> {NOT FOUND} - 404 Not Found [dmvcframework]
2020-11-27 03:08:49:099  [TID      21924][ERROR   ] [EMVCException] Not Found (Custom message: "GET /ipbt/SC") [dmvcframework]
2020-11-27 03:09:07:522  [TID      29604][INFO    ] Default Logger initialized [dmvcframework]
2020-11-27 03:09:07:522  [TID      29604][INFO    ] Server started on port 8080 [dmvcframework]
2020-11-27 03:09:28:049  [TID       1040][INFO    ] ENTER: Config default values [dmvcframework]
2020-11-27 03:09:28:049  [TID       1040][INFO    ] EXIT: Config default values [dmvcframework]
2020-11-27 03:09:28:049  [TID       1040][INFO    ] >> Custom configuration method [dmvcframework]
2020-11-27 03:09:28:049  [TID       1040][INFO    ] << Custom configuration method [dmvcframework]
2020-11-27 03:09:28:049  [TID       1040][INFO    ] ENTER: LoadSystemControllers [dmvcframework]
2020-11-27 03:09:28:049  [TID       1040][INFO    ] EXIT: LoadSystemControllers [dmvcframework]
2020-11-27 03:09:39:241  [TID       1040][INFO    ] GET:/ibpt/sc [0:0:0:0:0:0:0:1] -> Unit4.TIPBTController.GetSC - 200 OK [dmvcframework]
2020-11-27 03:16:19:729  [TID      22524][INFO    ] Default Logger initialized [dmvcframework]
2020-11-27 03:16:19:746  [TID      22524][INFO    ] Server started on port 8080 [dmvcframework]
2020-11-27 03:16:34:432  [TID      23644][INFO    ] ENTER: Config default values [dmvcframework]
2020-11-27 03:16:34:432  [TID      23644][INFO    ] EXIT: Config default values [dmvcframework]
2020-11-27 03:16:34:432  [TID      23644][INFO    ] >> Custom configuration method [dmvcframework]
2020-11-27 03:16:34:432  [TID      23644][INFO    ] << Custom configuration method [dmvcframework]
2020-11-27 03:16:34:432  [TID      23644][INFO    ] ENTER: LoadSystemControllers [dmvcframework]
2020-11-27 03:16:34:432  [TID      23644][INFO    ] EXIT: LoadSystemControllers [dmvcframework]
2020-11-27 03:16:34:477  [TID      23644][INFO    ] GET:/ibpt/sc/85354090 [0:0:0:0:0:0:0:1] -> Unit4.TIPBTController.GetSCUnico - 200 OK [dmvcframework]
